<?xml version="1.0" encoding="UTF-8"?>
<!-- Generated by org.testng.reporters.JUnitXMLReporter -->
<testsuite ignored="0" hostname="MacBookAir" failures="0" tests="2" name="ErrorvalidationScenario" time="66.399" errors="0" timestamp="2026-02-05T08:22:08 GMT">
  <testcase classname="JesssfinalCompany.MyappFrameworks.Errorvalidation" name="ErrorScenarionOnsubmitorder" time="21.937"/>
  <testcase classname="JesssfinalCompany.MyappFrameworks.Errorvalidation" name="errortestcase" time="6.855"/>
</testsuite> <!-- ErrorvalidationScenario -->
