<?xml version="1.0" encoding="UTF-8"?>
<!-- Generated by org.testng.reporters.JUnitXMLReporter -->
<testsuite ignored="0" hostname="MacBookAir" failures="0" tests="3" name="SubmitOrderScenario" time="141.613" errors="0" timestamp="2026-02-05T08:23:22 GMT">
  <testcase classname="JesssfinalCompany.MyappFrameworks.SubmitOrder" name="submitorder" time="45.239"/>
  <testcase classname="JesssfinalCompany.MyappFrameworks.SubmitOrder" name="submitorder" time="32.944"/>
  <testcase classname="JesssfinalCompany.MyappFrameworks.SubmitOrder" name="OrderHistoryValidation" time="15.065"/>
</testsuite> <!-- SubmitOrderScenario -->
