<?xml version="1.0" encoding="UTF-8"?>
<testsuite xmlns:xsi="http://www.w3.org/2001/XMLSchema-instance" xsi:noNamespaceSchemaLocation="https://maven.apache.org/surefire/maven-surefire-plugin/xsd/surefire-test-report.xsd" version="3.0.2" name="TestSuite" time="51.383" tests="3" errors="0" skipped="1" failures="1">
  <properties>
    <property name="java.specification.version" value="25"/>
    <property name="webdriver.chrome.driver" value="/Users/jecinthaamuldoss/.cache/selenium/chromedriver/mac-arm64/144.0.7559.109/chromedriver"/>
    <property name="sun.jnu.encoding" value="UTF-8"/>
    <property name="java.class.path" value="/Users/jecinthaamuldoss/eclipse-workspace/MyappFrameworks/target/test-classes:/Users/jecinthaamuldoss/eclipse-workspace/MyappFrameworks/target/classes:/Users/jecinthaamuldoss/.m2/repository/org/testng/testng/7.11.0/testng-7.11.0.jar:/Users/jecinthaamuldoss/.m2/repository/org/slf4j/slf4j-api/2.0.16/slf4j-api-2.0.16.jar:/Users/jecinthaamuldoss/.m2/repository/org/jcommander/jcommander/1.83/jcommander-1.83.jar:/Users/jecinthaamuldoss/.m2/repository/org/webjars/jquery/3.7.1/jquery-3.7.1.jar:/Users/jecinthaamuldoss/.m2/repository/org/seleniumhq/selenium/selenium-java/4.39.0/selenium-java-4.39.0.jar:/Users/jecinthaamuldoss/.m2/repository/org/seleniumhq/selenium/selenium-api/4.39.0/selenium-api-4.39.0.jar:/Users/jecinthaamuldoss/.m2/repository/org/jspecify/jspecify/1.0.0/jspecify-1.0.0.jar:/Users/jecinthaamuldoss/.m2/repository/org/seleniumhq/selenium/selenium-chrome-driver/4.39.0/selenium-chrome-driver-4.39.0.jar:/Users/jecinthaamuldoss/.m2/repository/com/google/auto/service/auto-service-annotations/1.1.1/auto-service-annotations-1.1.1.jar:/Users/jecinthaamuldoss/.m2/repository/org/seleniumhq/selenium/selenium-chromium-driver/4.39.0/selenium-chromium-driver-4.39.0.jar:/Users/jecinthaamuldoss/.m2/repository/org/seleniumhq/selenium/selenium-json/4.39.0/selenium-json-4.39.0.jar:/Users/jecinthaamuldoss/.m2/repository/org/seleniumhq/selenium/selenium-manager/4.39.0/selenium-manager-4.39.0.jar:/Users/jecinthaamuldoss/.m2/repository/org/seleniumhq/selenium/selenium-devtools-v141/4.39.0/selenium-devtools-v141-4.39.0.jar:/Users/jecinthaamuldoss/.m2/repository/org/seleniumhq/selenium/selenium-devtools-v142/4.39.0/selenium-devtools-v142-4.39.0.jar:/Users/jecinthaamuldoss/.m2/repository/org/seleniumhq/selenium/selenium-devtools-v143/4.39.0/selenium-devtools-v143-4.39.0.jar:/Users/jecinthaamuldoss/.m2/repository/org/seleniumhq/selenium/selenium-edge-driver/4.39.0/selenium-edge-driver-4.39.0.jar:/Users/jecinthaamuldoss/.m2/repository/org/seleniumhq/selenium/selenium-firefox-driver/4.39.0/selenium-firefox-driver-4.39.0.jar:/Users/jecinthaamuldoss/.m2/repository/org/seleniumhq/selenium/selenium-http/4.39.0/selenium-http-4.39.0.jar:/Users/jecinthaamuldoss/.m2/repository/org/seleniumhq/selenium/selenium-ie-driver/4.39.0/selenium-ie-driver-4.39.0.jar:/Users/jecinthaamuldoss/.m2/repository/org/seleniumhq/selenium/selenium-remote-driver/4.39.0/selenium-remote-driver-4.39.0.jar:/Users/jecinthaamuldoss/.m2/repository/com/google/guava/guava/33.5.0-jre/guava-33.5.0-jre.jar:/Users/jecinthaamuldoss/.m2/repository/com/google/guava/failureaccess/1.0.3/failureaccess-1.0.3.jar:/Users/jecinthaamuldoss/.m2/repository/com/google/guava/listenablefuture/9999.0-empty-to-avoid-conflict-with-guava/listenablefuture-9999.0-empty-to-avoid-conflict-with-guava.jar:/Users/jecinthaamuldoss/.m2/repository/com/google/errorprone/error_prone_annotations/2.41.0/error_prone_annotations-2.41.0.jar:/Users/jecinthaamuldoss/.m2/repository/com/google/j2objc/j2objc-annotations/3.1/j2objc-annotations-3.1.jar:/Users/jecinthaamuldoss/.m2/repository/io/opentelemetry/opentelemetry-api/1.56.0/opentelemetry-api-1.56.0.jar:/Users/jecinthaamuldoss/.m2/repository/io/opentelemetry/opentelemetry-context/1.56.0/opentelemetry-context-1.56.0.jar:/Users/jecinthaamuldoss/.m2/repository/io/opentelemetry/opentelemetry-common/1.56.0/opentelemetry-common-1.56.0.jar:/Users/jecinthaamuldoss/.m2/repository/io/opentelemetry/opentelemetry-exporter-logging/1.56.0/opentelemetry-exporter-logging-1.56.0.jar:/Users/jecinthaamuldoss/.m2/repository/io/opentelemetry/opentelemetry-sdk-common/1.56.0/opentelemetry-sdk-common-1.56.0.jar:/Users/jecinthaamuldoss/.m2/repository/io/opentelemetry/opentelemetry-sdk-extension-autoconfigure-spi/1.56.0/opentelemetry-sdk-extension-autoconfigure-spi-1.56.0.jar:/Users/jecinthaamuldoss/.m2/repository/io/opentelemetry/opentelemetry-sdk-extension-autoconfigure/1.56.0/opentelemetry-sdk-extension-autoconfigure-1.56.0.jar:/Users/jecinthaamuldoss/.m2/repository/io/opentelemetry/opentelemetry-sdk-trace/1.56.0/opentelemetry-sdk-trace-1.56.0.jar:/Users/jecinthaamuldoss/.m2/repository/io/opentelemetry/opentelemetry-sdk/1.56.0/opentelemetry-sdk-1.56.0.jar:/Users/jecinthaamuldoss/.m2/repository/io/opentelemetry/opentelemetry-sdk-metrics/1.56.0/opentelemetry-sdk-metrics-1.56.0.jar:/Users/jecinthaamuldoss/.m2/repository/io/opentelemetry/opentelemetry-sdk-logs/1.56.0/opentelemetry-sdk-logs-1.56.0.jar:/Users/jecinthaamuldoss/.m2/repository/net/bytebuddy/byte-buddy/1.18.2/byte-buddy-1.18.2.jar:/Users/jecinthaamuldoss/.m2/repository/org/seleniumhq/selenium/selenium-os/4.39.0/selenium-os-4.39.0.jar:/Users/jecinthaamuldoss/.m2/repository/org/apache/commons/commons-exec/1.6.0/commons-exec-1.6.0.jar:/Users/jecinthaamuldoss/.m2/repository/org/seleniumhq/selenium/selenium-safari-driver/4.39.0/selenium-safari-driver-4.39.0.jar:/Users/jecinthaamuldoss/.m2/repository/org/seleniumhq/selenium/selenium-support/4.39.0/selenium-support-4.39.0.jar:/Users/jecinthaamuldoss/.m2/repository/com/fasterxml/jackson/core/jackson-databind/2.21.0/jackson-databind-2.21.0.jar:/Users/jecinthaamuldoss/.m2/repository/com/fasterxml/jackson/core/jackson-annotations/2.21/jackson-annotations-2.21.jar:/Users/jecinthaamuldoss/.m2/repository/com/fasterxml/jackson/core/jackson-core/2.21.0/jackson-core-2.21.0.jar:/Users/jecinthaamuldoss/.m2/repository/com/aventstack/extentreports/5.1.2/extentreports-5.1.2.jar:/Users/jecinthaamuldoss/.m2/repository/io/reactivex/rxjava3/rxjava/3.1.6/rxjava-3.1.6.jar:/Users/jecinthaamuldoss/.m2/repository/org/reactivestreams/reactive-streams/1.0.4/reactive-streams-1.0.4.jar:/Users/jecinthaamuldoss/.m2/repository/org/freemarker/freemarker/2.3.32/freemarker-2.3.32.jar:/Users/jecinthaamuldoss/.m2/repository/org/projectlombok/lombok/1.18.26/lombok-1.18.26.jar:/Users/jecinthaamuldoss/.m2/repository/com/google/code/gson/gson/2.10.1/gson-2.10.1.jar:/Users/jecinthaamuldoss/.m2/repository/io/github/bonigarcia/webdrivermanager/6.3.3/webdrivermanager-6.3.3.jar:/Users/jecinthaamuldoss/.m2/repository/com/github/docker-java/docker-java/3.6.0/docker-java-3.6.0.jar:/Users/jecinthaamuldoss/.m2/repository/com/github/docker-java/docker-java-core/3.6.0/docker-java-core-3.6.0.jar:/Users/jecinthaamuldoss/.m2/repository/com/github/docker-java/docker-java-api/3.6.0/docker-java-api-3.6.0.jar:/Users/jecinthaamuldoss/.m2/repository/org/slf4j/jcl-over-slf4j/1.7.30/jcl-over-slf4j-1.7.30.jar:/Users/jecinthaamuldoss/.m2/repository/com/github/docker-java/docker-java-transport-httpclient5/3.6.0/docker-java-transport-httpclient5-3.6.0.jar:/Users/jecinthaamuldoss/.m2/repository/com/github/docker-java/docker-java-transport/3.6.0/docker-java-transport-3.6.0.jar:/Users/jecinthaamuldoss/.m2/repository/net/java/dev/jna/jna/5.17.0/jna-5.17.0.jar:/Users/jecinthaamuldoss/.m2/repository/org/brotli/dec/0.1.2/dec-0.1.2.jar:/Users/jecinthaamuldoss/.m2/repository/org/apache/commons/commons-lang3/3.19.0/commons-lang3-3.19.0.jar:/Users/jecinthaamuldoss/.m2/repository/org/apache/commons/commons-compress/1.28.0/commons-compress-1.28.0.jar:/Users/jecinthaamuldoss/.m2/repository/commons-codec/commons-codec/1.19.0/commons-codec-1.19.0.jar:/Users/jecinthaamuldoss/.m2/repository/commons-io/commons-io/2.20.0/commons-io-2.20.0.jar:/Users/jecinthaamuldoss/.m2/repository/org/apache/httpcomponents/client5/httpclient5/5.4.3/httpclient5-5.4.3.jar:/Users/jecinthaamuldoss/.m2/repository/org/apache/httpcomponents/core5/httpcore5/5.3.4/httpcore5-5.3.4.jar:/Users/jecinthaamuldoss/.m2/repository/org/apache/httpcomponents/core5/httpcore5-h2/5.3.4/httpcore5-h2-5.3.4.jar:/Users/jecinthaamuldoss/.m2/repository/org/slf4j/slf4j-simple/2.0.16/slf4j-simple-2.0.16.jar:"/>
    <property name="java.vm.vendor" value="Oracle Corporation"/>
    <property name="sun.arch.data.model" value="64"/>
    <property name="java.vendor.url" value="https://java.oracle.com/"/>
    <property name="user.timezone" value="Europe/Dublin"/>
    <property name="os.name" value="Mac OS X"/>
    <property name="java.vm.specification.version" value="25"/>
    <property name="sun.java.launcher" value="SUN_STANDARD"/>
    <property name="user.country" value="IN"/>
    <property name="sun.boot.library.path" value="/Library/Java/JavaVirtualMachines/jdk-25.jdk/Contents/Home/lib"/>
    <property name="sun.java.command" value="/Users/jecinthaamuldoss/eclipse-workspace/MyappFrameworks/target/surefire/surefirebooter-20260201061537301_3.jar /Users/jecinthaamuldoss/eclipse-workspace/MyappFrameworks/target/surefire 2026-02-01T06-15-37_259-jvmRun1 surefire-20260201061537301_1tmp surefire_0-20260201061537301_2tmp"/>
    <property name="http.nonProxyHosts" value="local|*.local|169.254/16|*.169.254/16"/>
    <property name="jdk.debug" value="release"/>
    <property name="surefire.test.class.path" value="/Users/jecinthaamuldoss/eclipse-workspace/MyappFrameworks/target/test-classes:/Users/jecinthaamuldoss/eclipse-workspace/MyappFrameworks/target/classes:/Users/jecinthaamuldoss/.m2/repository/org/testng/testng/7.11.0/testng-7.11.0.jar:/Users/jecinthaamuldoss/.m2/repository/org/slf4j/slf4j-api/2.0.16/slf4j-api-2.0.16.jar:/Users/jecinthaamuldoss/.m2/repository/org/jcommander/jcommander/1.83/jcommander-1.83.jar:/Users/jecinthaamuldoss/.m2/repository/org/webjars/jquery/3.7.1/jquery-3.7.1.jar:/Users/jecinthaamuldoss/.m2/repository/org/seleniumhq/selenium/selenium-java/4.39.0/selenium-java-4.39.0.jar:/Users/jecinthaamuldoss/.m2/repository/org/seleniumhq/selenium/selenium-api/4.39.0/selenium-api-4.39.0.jar:/Users/jecinthaamuldoss/.m2/repository/org/jspecify/jspecify/1.0.0/jspecify-1.0.0.jar:/Users/jecinthaamuldoss/.m2/repository/org/seleniumhq/selenium/selenium-chrome-driver/4.39.0/selenium-chrome-driver-4.39.0.jar:/Users/jecinthaamuldoss/.m2/repository/com/google/auto/service/auto-service-annotations/1.1.1/auto-service-annotations-1.1.1.jar:/Users/jecinthaamuldoss/.m2/repository/org/seleniumhq/selenium/selenium-chromium-driver/4.39.0/selenium-chromium-driver-4.39.0.jar:/Users/jecinthaamuldoss/.m2/repository/org/seleniumhq/selenium/selenium-json/4.39.0/selenium-json-4.39.0.jar:/Users/jecinthaamuldoss/.m2/repository/org/seleniumhq/selenium/selenium-manager/4.39.0/selenium-manager-4.39.0.jar:/Users/jecinthaamuldoss/.m2/repository/org/seleniumhq/selenium/selenium-devtools-v141/4.39.0/selenium-devtools-v141-4.39.0.jar:/Users/jecinthaamuldoss/.m2/repository/org/seleniumhq/selenium/selenium-devtools-v142/4.39.0/selenium-devtools-v142-4.39.0.jar:/Users/jecinthaamuldoss/.m2/repository/org/seleniumhq/selenium/selenium-devtools-v143/4.39.0/selenium-devtools-v143-4.39.0.jar:/Users/jecinthaamuldoss/.m2/repository/org/seleniumhq/selenium/selenium-edge-driver/4.39.0/selenium-edge-driver-4.39.0.jar:/Users/jecinthaamuldoss/.m2/repository/org/seleniumhq/selenium/selenium-firefox-driver/4.39.0/selenium-firefox-driver-4.39.0.jar:/Users/jecinthaamuldoss/.m2/repository/org/seleniumhq/selenium/selenium-http/4.39.0/selenium-http-4.39.0.jar:/Users/jecinthaamuldoss/.m2/repository/org/seleniumhq/selenium/selenium-ie-driver/4.39.0/selenium-ie-driver-4.39.0.jar:/Users/jecinthaamuldoss/.m2/repository/org/seleniumhq/selenium/selenium-remote-driver/4.39.0/selenium-remote-driver-4.39.0.jar:/Users/jecinthaamuldoss/.m2/repository/com/google/guava/guava/33.5.0-jre/guava-33.5.0-jre.jar:/Users/jecinthaamuldoss/.m2/repository/com/google/guava/failureaccess/1.0.3/failureaccess-1.0.3.jar:/Users/jecinthaamuldoss/.m2/repository/com/google/guava/listenablefuture/9999.0-empty-to-avoid-conflict-with-guava/listenablefuture-9999.0-empty-to-avoid-conflict-with-guava.jar:/Users/jecinthaamuldoss/.m2/repository/com/google/errorprone/error_prone_annotations/2.41.0/error_prone_annotations-2.41.0.jar:/Users/jecinthaamuldoss/.m2/repository/com/google/j2objc/j2objc-annotations/3.1/j2objc-annotations-3.1.jar:/Users/jecinthaamuldoss/.m2/repository/io/opentelemetry/opentelemetry-api/1.56.0/opentelemetry-api-1.56.0.jar:/Users/jecinthaamuldoss/.m2/repository/io/opentelemetry/opentelemetry-context/1.56.0/opentelemetry-context-1.56.0.jar:/Users/jecinthaamuldoss/.m2/repository/io/opentelemetry/opentelemetry-common/1.56.0/opentelemetry-common-1.56.0.jar:/Users/jecinthaamuldoss/.m2/repository/io/opentelemetry/opentelemetry-exporter-logging/1.56.0/opentelemetry-exporter-logging-1.56.0.jar:/Users/jecinthaamuldoss/.m2/repository/io/opentelemetry/opentelemetry-sdk-common/1.56.0/opentelemetry-sdk-common-1.56.0.jar:/Users/jecinthaamuldoss/.m2/repository/io/opentelemetry/opentelemetry-sdk-extension-autoconfigure-spi/1.56.0/opentelemetry-sdk-extension-autoconfigure-spi-1.56.0.jar:/Users/jecinthaamuldoss/.m2/repository/io/opentelemetry/opentelemetry-sdk-extension-autoconfigure/1.56.0/opentelemetry-sdk-extension-autoconfigure-1.56.0.jar:/Users/jecinthaamuldoss/.m2/repository/io/opentelemetry/opentelemetry-sdk-trace/1.56.0/opentelemetry-sdk-trace-1.56.0.jar:/Users/jecinthaamuldoss/.m2/repository/io/opentelemetry/opentelemetry-sdk/1.56.0/opentelemetry-sdk-1.56.0.jar:/Users/jecinthaamuldoss/.m2/repository/io/opentelemetry/opentelemetry-sdk-metrics/1.56.0/opentelemetry-sdk-metrics-1.56.0.jar:/Users/jecinthaamuldoss/.m2/repository/io/opentelemetry/opentelemetry-sdk-logs/1.56.0/opentelemetry-sdk-logs-1.56.0.jar:/Users/jecinthaamuldoss/.m2/repository/net/bytebuddy/byte-buddy/1.18.2/byte-buddy-1.18.2.jar:/Users/jecinthaamuldoss/.m2/repository/org/seleniumhq/selenium/selenium-os/4.39.0/selenium-os-4.39.0.jar:/Users/jecinthaamuldoss/.m2/repository/org/apache/commons/commons-exec/1.6.0/commons-exec-1.6.0.jar:/Users/jecinthaamuldoss/.m2/repository/org/seleniumhq/selenium/selenium-safari-driver/4.39.0/selenium-safari-driver-4.39.0.jar:/Users/jecinthaamuldoss/.m2/repository/org/seleniumhq/selenium/selenium-support/4.39.0/selenium-support-4.39.0.jar:/Users/jecinthaamuldoss/.m2/repository/com/fasterxml/jackson/core/jackson-databind/2.21.0/jackson-databind-2.21.0.jar:/Users/jecinthaamuldoss/.m2/repository/com/fasterxml/jackson/core/jackson-annotations/2.21/jackson-annotations-2.21.jar:/Users/jecinthaamuldoss/.m2/repository/com/fasterxml/jackson/core/jackson-core/2.21.0/jackson-core-2.21.0.jar:/Users/jecinthaamuldoss/.m2/repository/com/aventstack/extentreports/5.1.2/extentreports-5.1.2.jar:/Users/jecinthaamuldoss/.m2/repository/io/reactivex/rxjava3/rxjava/3.1.6/rxjava-3.1.6.jar:/Users/jecinthaamuldoss/.m2/repository/org/reactivestreams/reactive-streams/1.0.4/reactive-streams-1.0.4.jar:/Users/jecinthaamuldoss/.m2/repository/org/freemarker/freemarker/2.3.32/freemarker-2.3.32.jar:/Users/jecinthaamuldoss/.m2/repository/org/projectlombok/lombok/1.18.26/lombok-1.18.26.jar:/Users/jecinthaamuldoss/.m2/repository/com/google/code/gson/gson/2.10.1/gson-2.10.1.jar:/Users/jecinthaamuldoss/.m2/repository/io/github/bonigarcia/webdrivermanager/6.3.3/webdrivermanager-6.3.3.jar:/Users/jecinthaamuldoss/.m2/repository/com/github/docker-java/docker-java/3.6.0/docker-java-3.6.0.jar:/Users/jecinthaamuldoss/.m2/repository/com/github/docker-java/docker-java-core/3.6.0/docker-java-core-3.6.0.jar:/Users/jecinthaamuldoss/.m2/repository/com/github/docker-java/docker-java-api/3.6.0/docker-java-api-3.6.0.jar:/Users/jecinthaamuldoss/.m2/repository/org/slf4j/jcl-over-slf4j/1.7.30/jcl-over-slf4j-1.7.30.jar:/Users/jecinthaamuldoss/.m2/repository/com/github/docker-java/docker-java-transport-httpclient5/3.6.0/docker-java-transport-httpclient5-3.6.0.jar:/Users/jecinthaamuldoss/.m2/repository/com/github/docker-java/docker-java-transport/3.6.0/docker-java-transport-3.6.0.jar:/Users/jecinthaamuldoss/.m2/repository/net/java/dev/jna/jna/5.17.0/jna-5.17.0.jar:/Users/jecinthaamuldoss/.m2/repository/org/brotli/dec/0.1.2/dec-0.1.2.jar:/Users/jecinthaamuldoss/.m2/repository/org/apache/commons/commons-lang3/3.19.0/commons-lang3-3.19.0.jar:/Users/jecinthaamuldoss/.m2/repository/org/apache/commons/commons-compress/1.28.0/commons-compress-1.28.0.jar:/Users/jecinthaamuldoss/.m2/repository/commons-codec/commons-codec/1.19.0/commons-codec-1.19.0.jar:/Users/jecinthaamuldoss/.m2/repository/commons-io/commons-io/2.20.0/commons-io-2.20.0.jar:/Users/jecinthaamuldoss/.m2/repository/org/apache/httpcomponents/client5/httpclient5/5.4.3/httpclient5-5.4.3.jar:/Users/jecinthaamuldoss/.m2/repository/org/apache/httpcomponents/core5/httpcore5/5.3.4/httpcore5-5.3.4.jar:/Users/jecinthaamuldoss/.m2/repository/org/apache/httpcomponents/core5/httpcore5-h2/5.3.4/httpcore5-h2-5.3.4.jar:/Users/jecinthaamuldoss/.m2/repository/org/slf4j/slf4j-simple/2.0.16/slf4j-simple-2.0.16.jar:"/>
    <property name="sun.cpu.endian" value="little"/>
    <property name="user.home" value="/Users/jecinthaamuldoss"/>
    <property name="user.language" value="en"/>
    <property name="java.specification.vendor" value="Oracle Corporation"/>
    <property name="java.version.date" value="2025-10-21"/>
    <property name="java.home" value="/Library/Java/JavaVirtualMachines/jdk-25.jdk/Contents/Home"/>
    <property name="file.separator" value="/"/>
    <property name="basedir" value="/Users/jecinthaamuldoss/eclipse-workspace/MyappFrameworks"/>
    <property name="java.vm.compressedOopsMode" value="Zero based"/>
    <property name="line.separator" value="&#10;"/>
    <property name="java.vm.specification.vendor" value="Oracle Corporation"/>
    <property name="java.specification.name" value="Java Platform API Specification"/>
    <property name="apple.awt.application.name" value="ForkedBooter"/>
    <property name="surefire.real.class.path" value="/Users/jecinthaamuldoss/eclipse-workspace/MyappFrameworks/target/surefire/surefirebooter-20260201061537301_3.jar"/>
    <property name="sun.management.compiler" value="HotSpot 64-Bit Tiered Compilers"/>
    <property name="ftp.nonProxyHosts" value="local|*.local|169.254/16|*.169.254/16"/>
    <property name="java.runtime.version" value="25.0.1+8-LTS-27"/>
    <property name="user.name" value="jecinthaamuldoss"/>
    <property name="stdout.encoding" value="UTF-8"/>
    <property name="path.separator" value=":"/>
    <property name="os.version" value="26.2"/>
    <property name="java.runtime.name" value="Java(TM) SE Runtime Environment"/>
    <property name="file.encoding" value="UTF-8"/>
    <property name="browser" value="chromeheadless"/>
    <property name="java.vm.name" value="Java HotSpot(TM) 64-Bit Server VM"/>
    <property name="localRepository" value="/Users/jecinthaamuldoss/.m2/repository"/>
    <property name="java.vendor.url.bug" value="https://bugreport.java.com/bugreport/"/>
    <property name="java.io.tmpdir" value="/var/folders/h4/4w9tmjf16cs_n9r3m5xw1skm0000gn/T/"/>
    <property name="java.version" value="25.0.1"/>
    <property name="user.dir" value="/Users/jecinthaamuldoss/eclipse-workspace/MyappFrameworks"/>
    <property name="os.arch" value="aarch64"/>
    <property name="java.vm.specification.name" value="Java Virtual Machine Specification"/>
    <property name="native.encoding" value="UTF-8"/>
    <property name="java.library.path" value="/Users/jecinthaamuldoss/Library/Java/Extensions:/Library/Java/Extensions:/Network/Library/Java/Extensions:/System/Library/Java/Extensions:/usr/lib/java:."/>
    <property name="java.vm.info" value="mixed mode, sharing"/>
    <property name="stderr.encoding" value="UTF-8"/>
    <property name="java.vendor" value="Oracle Corporation"/>
    <property name="java.vm.version" value="25.0.1+8-LTS-27"/>
    <property name="stdin.encoding" value="UTF-8"/>
    <property name="sun.io.unicode.encoding" value="UnicodeBig"/>
    <property name="socksNonProxyHosts" value="local|*.local|169.254/16|*.169.254/16"/>
    <property name="java.class.version" value="69.0"/>
  </properties>
  <testcase name="submitorder[{password=Jecintha@19, email=jecinthamuldoss@gmail.com, MYProduct=ZARA COAT 3}](1)" classname="JesssfinalCompany.MyappFrameworks.SubmitOrder" time="22.771">
    <failure message="Expected condition failed: waiting for visibility of element located by By.cssSelector: section[class*= &apos;ng-star-inserted&apos;] (tried for 15 second(s) with 500 milliseconds interval)&#10;Build info: version: &apos;4.39.0&apos;, revision: &apos;126f156aee&apos;&#10;System info: os.name: &apos;Mac OS X&apos;, os.arch: &apos;aarch64&apos;, os.version: &apos;26.2&apos;, java.version: &apos;25.0.1&apos;&#10;Driver info: org.openqa.selenium.chrome.ChromeDriver&#10;Capabilities {acceptInsecureCerts: false, browserName: chrome, browserVersion: 144.0.7559.110, chrome: {chromedriverVersion: 144.0.7559.109 (6a8d5e49388..., userDataDir: /var/folders/h4/4w9tmjf16cs...}, fedcm:accounts: true, goog:chromeOptions: {debuggerAddress: localhost:60612}, goog:processID: 2516, networkConnectionEnabled: false, pageLoadStrategy: normal, platformName: mac, proxy: Proxy(), se:cdp: ws://localhost:60612/devtoo..., se:cdpVersion: 144.0.7559.110, setWindowRect: true, strictFileInteractability: false, timeouts: {implicit: 0, pageLoad: 300000, script: 30000}, unhandledPromptBehavior: dismiss and notify, webauthn:extension:credBlob: true, webauthn:extension:largeBlob: true, webauthn:extension:minPinLength: true, webauthn:extension:prf: true, webauthn:virtualAuthenticators: true}&#10;Session ID: 338004158cd24a0f393c7aee755aae32" type="org.openqa.selenium.TimeoutException"><![CDATA[org.openqa.selenium.TimeoutException: 
Expected condition failed: waiting for visibility of element located by By.cssSelector: section[class*= 'ng-star-inserted'] (tried for 15 second(s) with 500 milliseconds interval)
Build info: version: '4.39.0', revision: '126f156aee'
System info: os.name: 'Mac OS X', os.arch: 'aarch64', os.version: '26.2', java.version: '25.0.1'
Driver info: org.openqa.selenium.chrome.ChromeDriver
Capabilities {acceptInsecureCerts: false, browserName: chrome, browserVersion: 144.0.7559.110, chrome: {chromedriverVersion: 144.0.7559.109 (6a8d5e49388..., userDataDir: /var/folders/h4/4w9tmjf16cs...}, fedcm:accounts: true, goog:chromeOptions: {debuggerAddress: localhost:60612}, goog:processID: 2516, networkConnectionEnabled: false, pageLoadStrategy: normal, platformName: mac, proxy: Proxy(), se:cdp: ws://localhost:60612/devtoo..., se:cdpVersion: 144.0.7559.110, setWindowRect: true, strictFileInteractability: false, timeouts: {implicit: 0, pageLoad: 300000, script: 30000}, unhandledPromptBehavior: dismiss and notify, webauthn:extension:credBlob: true, webauthn:extension:largeBlob: true, webauthn:extension:minPinLength: true, webauthn:extension:prf: true, webauthn:virtualAuthenticators: true}
Session ID: 338004158cd24a0f393c7aee755aae32
	at org.openqa.selenium.support.ui.WebDriverWait.timeoutException(WebDriverWait.java:84)
	at org.openqa.selenium.support.ui.FluentWait.until(FluentWait.java:228)
	at JesssfinalCompany.AbstractComponents.Abstractfile.waituntilvisibile(Abstractfile.java:33)
	at JesssfinalCompany.MyappFrameworks.Paymentpage.paymentpageDetails(Paymentpage.java:40)
	at JesssfinalCompany.MyappFrameworks.SubmitOrder.submitorder(SubmitOrder.java:59)
	at java.base/jdk.internal.reflect.DirectMethodHandleAccessor.invoke(DirectMethodHandleAccessor.java:104)
	at java.base/java.lang.reflect.Method.invoke(Method.java:565)
	at org.testng.internal.invokers.MethodInvocationHelper.invokeMethod(MethodInvocationHelper.java:141)
	at org.testng.internal.invokers.TestInvoker.invokeMethod(TestInvoker.java:687)
	at org.testng.internal.invokers.TestInvoker.invokeTestMethod(TestInvoker.java:230)
	at org.testng.internal.invokers.MethodRunner.runInSequence(MethodRunner.java:63)
	at org.testng.internal.invokers.TestInvoker$MethodInvocationAgent.invoke(TestInvoker.java:995)
	at org.testng.internal.invokers.TestInvoker.invokeTestMethods(TestInvoker.java:203)
	at org.testng.internal.invokers.TestMethodWorker.invokeTestMethods(TestMethodWorker.java:154)
	at org.testng.internal.invokers.TestMethodWorker.run(TestMethodWorker.java:134)
	at java.base/java.util.ArrayList.forEach(ArrayList.java:1604)
	at org.testng.TestRunner.privateRun(TestRunner.java:741)
	at org.testng.TestRunner.run(TestRunner.java:616)
	at org.testng.SuiteRunner.runTest(SuiteRunner.java:421)
	at org.testng.SuiteRunner$SuiteWorker.run(SuiteRunner.java:463)
	at org.testng.internal.thread.ThreadUtil.lambda$execute$0(ThreadUtil.java:64)
	at java.base/java.util.concurrent.FutureTask.run(FutureTask.java:328)
	at java.base/java.util.concurrent.ThreadPoolExecutor.runWorker(ThreadPoolExecutor.java:1090)
	at java.base/java.util.concurrent.ThreadPoolExecutor$Worker.run(ThreadPoolExecutor.java:614)
	at java.base/java.lang.Thread.run(Thread.java:1474)
]]></failure>
    <system-err><![CDATA[[TestNG-tests-1] INFO io.github.bonigarcia.wdm.WebDriverManager - Using chromedriver 144.0.7559.109 (resolved driver for Chrome 144)
[TestNG-tests-1] INFO io.github.bonigarcia.wdm.WebDriverManager - Exporting webdriver.chrome.driver as /Users/jecinthaamuldoss/.cache/selenium/chromedriver/mac-arm64/144.0.7559.109/chromedriver
Feb 01, 2026 6:15:40 AM org.openqa.selenium.devtools.CdpVersionFinder findNearestMatch
WARNING: Unable to find an exact match for CDP version 144, returning the closest version; found: 143; Please update to a Selenium version that supports CDP version 144
]]></system-err>
  </testcase>
  <testcase name="submitorder[{password=MyPassword@19, email=dossjc19@gmail.com, MYProduct=ADIDAS ORIGINAL}](2)" classname="JesssfinalCompany.MyappFrameworks.SubmitOrder" time="16.179">
    <system-out><![CDATA[| 697eefbcc941646b7aca0b9c |
THANKYOU FOR THE ORDER.
]]></system-out>
    <system-err><![CDATA[[TestNG-tests-1] INFO io.github.bonigarcia.wdm.WebDriverManager - Using chromedriver 144.0.7559.109 (resolved driver for Chrome 144)
[TestNG-tests-1] INFO io.github.bonigarcia.wdm.WebDriverManager - Exporting webdriver.chrome.driver as /Users/jecinthaamuldoss/.cache/selenium/chromedriver/mac-arm64/144.0.7559.109/chromedriver
Feb 01, 2026 6:16:09 AM org.openqa.selenium.devtools.CdpVersionFinder findNearestMatch
WARNING: Unable to find an exact match for CDP version 144, returning the closest version; found: 143; Please update to a Selenium version that supports CDP version 144
]]></system-err>
  </testcase>
  <testcase name="OrderHistoryValidation" classname="JesssfinalCompany.MyappFrameworks.SubmitOrder" time="0.0">
    <skipped message="Method JesssfinalCompany.MyappFrameworks.SubmitOrder.OrderHistoryValidation() on instance JesssfinalCompany.MyappFrameworks.SubmitOrder@20d28811 depends on not successfully finished methods &#10;[JesssfinalCompany.MyappFrameworks.SubmitOrder.submitorder() on instance JesssfinalCompany.MyappFrameworks.SubmitOrder@20d28811]"/>
  </testcase>
</testsuite>