<?xml version="1.0" encoding="UTF-8"?>
<!-- Generated by org.testng.reporters.JUnitReportReporter -->
<testsuite hostname="MacBookAir" failures="0" tests="2" name="JesssfinalCompany.MyappFrameworks.Errorvalidation" time="66.309" errors="0" timestamp="2026-02-05T08:23:22 GMT" skipped="0">
  <testcase classname="JesssfinalCompany.MyappFrameworks.Errorvalidation" name="ErrorScenarionOnsubmitorder" time="42.460"/>
  <testcase classname="JesssfinalCompany.MyappFrameworks.Errorvalidation" name="errortestcase" time="23.849"/>
</testsuite> <!-- JesssfinalCompany.MyappFrameworks.Errorvalidation -->
