<?xml version="1.0" encoding="UTF-8"?>
<!-- Generated by org.testng.reporters.JUnitReportReporter -->
<testsuite hostname="MacBookAir" failures="0" tests="3" name="JesssfinalCompany.MyappFrameworks.SubmitOrder" time="141.224" errors="0" timestamp="2026-02-05T08:23:22 GMT" skipped="0">
  <testcase classname="JesssfinalCompany.MyappFrameworks.SubmitOrder" name="OrderHistoryValidation" time="34.915"/>
  <testcase classname="JesssfinalCompany.MyappFrameworks.SubmitOrder" name="submitorder" time="59.233"/>
  <testcase classname="JesssfinalCompany.MyappFrameworks.SubmitOrder" name="submitorder" time="47.076"/>
</testsuite> <!-- JesssfinalCompany.MyappFrameworks.SubmitOrder -->
